0 info it worked if it ends with ok
1 verbose cli [ '/home/jose/.nvm/versions/node/v6.9.1/bin/node',
1 verbose cli   '/home/jose/.nvm/versions/node/v6.9.1/bin/npm',
1 verbose cli   'run',
1 verbose cli   'demon' ]
2 info using npm@3.10.8
3 info using node@v6.9.1
4 verbose run-script [ 'predemon', 'demon', 'postdemon' ]
5 info lifecycle sequelize-test@1.0.0~predemon: sequelize-test@1.0.0
6 silly lifecycle sequelize-test@1.0.0~predemon: no script for predemon, continuing
7 info lifecycle sequelize-test@1.0.0~demon: sequelize-test@1.0.0
8 verbose lifecycle sequelize-test@1.0.0~demon: unsafe-perm in lifecycle true
9 verbose lifecycle sequelize-test@1.0.0~demon: PATH: /home/jose/.nvm/versions/node/v6.9.1/lib/node_modules/npm/bin/node-gyp-bin:/home/jose/projects/nodejs-min-framework/node_modules/.bin:/home/jose/.nvm/versions/node/v6.9.1/bin:/usr/local/sbin:/usr/local/bin:/usr/sbin:/usr/bin:/sbin:/bin:/usr/games:/usr/local/games:/snap/bin:/snap/bin
10 verbose lifecycle sequelize-test@1.0.0~demon: CWD: /home/jose/projects/nodejs-min-framework
11 silly lifecycle sequelize-test@1.0.0~demon: Args: [ '-c', 'nodemon index.js --exec babel-node' ]
12 silly lifecycle sequelize-test@1.0.0~demon: Returned: code: 1  signal: null
13 info lifecycle sequelize-test@1.0.0~demon: Failed to exec demon script
14 verbose stack Error: sequelize-test@1.0.0 demon: `nodemon index.js --exec babel-node`
14 verbose stack Exit status 1
14 verbose stack     at EventEmitter.<anonymous> (/home/jose/.nvm/versions/node/v6.9.1/lib/node_modules/npm/lib/utils/lifecycle.js:255:16)
14 verbose stack     at emitTwo (events.js:106:13)
14 verbose stack     at EventEmitter.emit (events.js:191:7)
14 verbose stack     at ChildProcess.<anonymous> (/home/jose/.nvm/versions/node/v6.9.1/lib/node_modules/npm/lib/utils/spawn.js:40:14)
14 verbose stack     at emitTwo (events.js:106:13)
14 verbose stack     at ChildProcess.emit (events.js:191:7)
14 verbose stack     at maybeClose (internal/child_process.js:877:16)
14 verbose stack     at Process.ChildProcess._handle.onexit (internal/child_process.js:226:5)
15 verbose pkgid sequelize-test@1.0.0
16 verbose cwd /home/jose/projects/nodejs-min-framework
17 error Linux 4.4.0-93-generic
18 error argv "/home/jose/.nvm/versions/node/v6.9.1/bin/node" "/home/jose/.nvm/versions/node/v6.9.1/bin/npm" "run" "demon"
19 error node v6.9.1
20 error npm  v3.10.8
21 error code ELIFECYCLE
22 error sequelize-test@1.0.0 demon: `nodemon index.js --exec babel-node`
22 error Exit status 1
23 error Failed at the sequelize-test@1.0.0 demon script 'nodemon index.js --exec babel-node'.
23 error Make sure you have the latest version of node.js and npm installed.
23 error If you do, this is most likely a problem with the sequelize-test package,
23 error not with npm itself.
23 error Tell the author that this fails on your system:
23 error     nodemon index.js --exec babel-node
23 error You can get information on how to open an issue for this project with:
23 error     npm bugs sequelize-test
23 error Or if that isn't available, you can get their info via:
23 error     npm owner ls sequelize-test
23 error There is likely additional logging output above.
24 verbose exit [ 1, true ]
